TN:
SF:/home/user/FundooNotes/Server/server.js
FN:35,(anonymous_0)
FN:40,(anonymous_1)
FN:51,(anonymous_2)
FN:54,(anonymous_3)
FN:67,(anonymous_4)
FNF:5
FNH:3
FNDA:1,(anonymous_0)
FNDA:1,(anonymous_1)
FNDA:1,(anonymous_2)
FNDA:0,(anonymous_3)
FNDA:0,(anonymous_4)
DA:1,1
DA:2,1
DA:3,1
DA:4,1
DA:5,1
DA:6,1
DA:7,1
DA:10,1
DA:11,1
DA:13,1
DA:15,1
DA:18,1
DA:21,1
DA:24,1
DA:27,1
DA:29,1
DA:31,1
DA:33,1
DA:35,1
DA:37,1
DA:40,1
DA:42,1
DA:45,1
DA:48,1
DA:53,1
DA:56,0
DA:57,0
DA:61,1
DA:62,1
DA:64,1
DA:67,1
DA:69,0
DA:71,1
LF:33
LH:30
BRF:0
BRH:0
end_of_record
TN:
SF:/home/user/FundooNotes/Server/Authentication/index.js
FN:4,(anonymous_0)
FN:9,(anonymous_1)
FNF:2
FNH:2
FNDA:2,(anonymous_0)
FNDA:2,(anonymous_1)
DA:1,1
DA:2,1
DA:4,1
DA:5,2
DA:6,2
DA:9,2
DA:12,2
DA:14,2
DA:23,0
DA:24,0
DA:31,0
LF:11
LH:8
BRDA:6,0,0,2
BRDA:6,0,1,0
BRDA:12,1,0,2
BRDA:12,1,1,0
BRF:4
BRH:2
end_of_record
TN:
SF:/home/user/FundooNotes/Server/config/db.config.js
FNF:0
FNH:0
DA:1,1
LF:1
LH:1
BRF:0
BRH:0
end_of_record
TN:
SF:/home/user/FundooNotes/Server/controllers/app.controller.js
FN:9,(anonymous_0)
FN:27,(anonymous_1)
FN:58,(anonymous_2)
FN:62,(anonymous_3)
FN:80,(anonymous_4)
FN:97,(anonymous_5)
FN:119,(anonymous_6)
FN:130,(anonymous_7)
FN:143,(anonymous_8)
FN:146,(anonymous_9)
FN:177,(anonymous_10)
FN:181,(anonymous_11)
FN:199,(anonymous_12)
FN:204,(anonymous_13)
FNF:14
FNH:8
FNDA:1,(anonymous_0)
FNDA:1,(anonymous_1)
FNDA:0,(anonymous_2)
FNDA:0,(anonymous_3)
FNDA:1,(anonymous_4)
FNDA:1,(anonymous_5)
FNDA:1,(anonymous_6)
FNDA:1,(anonymous_7)
FNDA:1,(anonymous_8)
FNDA:1,(anonymous_9)
FNDA:0,(anonymous_10)
FNDA:0,(anonymous_11)
FNDA:0,(anonymous_12)
FNDA:0,(anonymous_13)
DA:1,1
DA:2,1
DA:3,1
DA:4,1
DA:5,1
DA:7,1
DA:9,1
DA:12,1
DA:13,1
DA:14,1
DA:15,1
DA:16,1
DA:17,1
DA:18,1
DA:20,0
DA:21,0
DA:22,0
DA:26,1
DA:27,1
DA:29,1
DA:30,1
DA:31,1
DA:33,0
DA:34,0
DA:40,1
DA:41,1
DA:42,1
DA:45,1
DA:47,1
DA:48,1
DA:49,1
DA:51,1
DA:52,1
DA:58,1
DA:60,0
DA:61,0
DA:62,0
DA:64,0
DA:66,0
DA:67,0
DA:68,0
DA:72,0
DA:73,0
DA:74,0
DA:75,0
DA:80,1
DA:82,1
DA:85,1
DA:86,1
DA:87,1
DA:88,1
DA:89,1
DA:91,0
DA:92,0
DA:93,0
DA:97,1
DA:99,1
DA:101,0
DA:107,1
DA:110,1
DA:111,1
DA:116,1
DA:119,1
DA:121,1
DA:122,0
DA:125,1
DA:130,1
DA:132,1
DA:135,1
DA:143,1
DA:145,1
DA:146,1
DA:148,1
DA:150,0
DA:151,0
DA:152,0
DA:156,1
DA:157,1
DA:158,1
DA:161,1
DA:164,1
DA:165,1
DA:166,1
DA:169,1
DA:172,1
DA:177,1
DA:179,0
DA:180,0
DA:181,0
DA:183,0
DA:185,0
DA:186,0
DA:187,0
DA:191,0
DA:192,0
DA:193,0
DA:194,0
DA:199,1
DA:201,0
DA:203,0
DA:204,0
DA:207,0
DA:209,0
DA:210,0
DA:211,0
DA:216,0
DA:217,0
DA:218,0
DA:219,0
LF:109
LH:63
BRDA:18,0,0,0
BRDA:18,0,1,1
BRDA:31,1,0,0
BRDA:31,1,1,1
BRDA:64,2,0,0
BRDA:64,2,1,0
BRDA:89,3,0,0
BRDA:89,3,1,1
BRDA:99,4,0,0
BRDA:99,4,1,1
BRDA:121,5,0,0
BRDA:121,5,1,1
BRDA:132,6,0,0
BRDA:132,6,1,1
BRDA:148,7,0,0
BRDA:148,7,1,1
BRDA:183,8,0,0
BRDA:183,8,1,0
BRDA:207,9,0,0
BRDA:207,9,1,0
BRF:20
BRH:7
end_of_record
TN:
SF:/home/user/FundooNotes/Server/controllers/notes.controller.js
FN:3,(anonymous_0)
FN:19,(anonymous_1)
FN:39,(anonymous_2)
FN:41,(anonymous_3)
FN:59,(anonymous_4)
FN:61,(anonymous_5)
FN:79,(anonymous_6)
FN:81,(anonymous_7)
FN:99,(anonymous_8)
FN:101,(anonymous_9)
FN:119,(anonymous_10)
FN:121,(anonymous_11)
FN:139,(anonymous_12)
FN:141,(anonymous_13)
FN:159,(anonymous_14)
FN:161,(anonymous_15)
FN:179,(anonymous_16)
FN:182,(anonymous_17)
FN:199,(anonymous_18)
FN:202,(anonymous_19)
FNF:20
FNH:20
FNDA:1,(anonymous_0)
FNDA:1,(anonymous_1)
FNDA:1,(anonymous_2)
FNDA:1,(anonymous_3)
FNDA:1,(anonymous_4)
FNDA:1,(anonymous_5)
FNDA:1,(anonymous_6)
FNDA:1,(anonymous_7)
FNDA:1,(anonymous_8)
FNDA:1,(anonymous_9)
FNDA:1,(anonymous_10)
FNDA:1,(anonymous_11)
FNDA:1,(anonymous_12)
FNDA:1,(anonymous_13)
FNDA:1,(anonymous_14)
FNDA:1,(anonymous_15)
FNDA:1,(anonymous_16)
FNDA:1,(anonymous_17)
FNDA:1,(anonymous_18)
FNDA:1,(anonymous_19)
DA:1,1
DA:3,1
DA:5,1
DA:6,1
DA:8,1
DA:9,1
DA:11,1
DA:13,0
DA:14,0
DA:15,0
DA:19,1
DA:21,1
DA:22,1
DA:23,1
DA:25,0
DA:31,1
DA:32,1
DA:33,1
DA:39,1
DA:41,1
DA:43,1
DA:44,1
DA:46,0
DA:52,1
DA:53,1
DA:54,1
DA:59,1
DA:61,1
DA:63,1
DA:64,1
DA:66,0
DA:72,1
DA:73,1
DA:74,1
DA:79,1
DA:81,1
DA:83,1
DA:84,1
DA:86,0
DA:92,1
DA:93,1
DA:94,1
DA:99,1
DA:101,1
DA:103,1
DA:104,1
DA:106,0
DA:112,1
DA:113,1
DA:114,1
DA:119,1
DA:121,1
DA:123,1
DA:124,1
DA:126,0
DA:132,1
DA:133,1
DA:134,1
DA:139,1
DA:141,1
DA:143,1
DA:144,1
DA:146,0
DA:152,1
DA:153,1
DA:154,1
DA:159,1
DA:161,1
DA:163,1
DA:164,1
DA:166,0
DA:172,1
DA:173,1
DA:174,1
DA:179,1
DA:181,1
DA:182,1
DA:184,1
DA:186,0
DA:192,1
DA:193,1
DA:194,1
DA:199,1
DA:201,1
DA:202,1
DA:204,1
DA:206,0
DA:212,1
DA:213,1
DA:214,1
LF:90
LH:77
BRDA:11,0,0,0
BRDA:11,0,1,1
BRDA:23,1,0,0
BRDA:23,1,1,1
BRDA:44,2,0,0
BRDA:44,2,1,1
BRDA:64,3,0,0
BRDA:64,3,1,1
BRDA:84,4,0,0
BRDA:84,4,1,1
BRDA:104,5,0,0
BRDA:104,5,1,1
BRDA:124,6,0,0
BRDA:124,6,1,1
BRDA:144,7,0,0
BRDA:144,7,1,1
BRDA:164,8,0,0
BRDA:164,8,1,1
BRDA:184,9,0,0
BRDA:184,9,1,1
BRDA:204,10,0,0
BRDA:204,10,1,1
BRF:22
BRH:11
end_of_record
TN:
SF:/home/user/FundooNotes/Server/middleware/sendmail.js
FN:5,(anonymous_0)
FN:31,(anonymous_1)
FNF:2
FNH:1
FNDA:2,(anonymous_0)
FNDA:0,(anonymous_1)
DA:1,1
DA:2,1
DA:3,1
DA:5,1
DA:8,2
DA:23,2
DA:31,2
DA:32,0
DA:33,0
DA:34,0
DA:37,0
LF:11
LH:7
BRDA:32,0,0,0
BRDA:32,0,1,0
BRF:2
BRH:0
end_of_record
TN:
SF:/home/user/FundooNotes/Server/middleware/token.js
FN:7,(anonymous_0)
FNF:1
FNH:1
FNDA:3,(anonymous_0)
DA:1,1
DA:2,1
DA:4,1
DA:8,3
DA:9,3
DA:14,3
LF:6
LH:6
BRF:0
BRH:0
end_of_record
TN:
SF:/home/user/FundooNotes/Server/models/app.model.js
FN:21,usermodel
FN:27,hash
FN:35,(anonymous_2)
FN:37,(anonymous_3)
FN:59,(anonymous_4)
FN:81,(anonymous_5)
FN:85,(anonymous_6)
FN:99,(anonymous_7)
FN:101,(anonymous_8)
FN:109,(anonymous_9)
FN:150,(anonymous_10)
FN:152,(anonymous_11)
FN:173,(anonymous_12)
FN:180,(anonymous_13)
FNF:14
FNH:9
FNDA:1,usermodel
FNDA:0,hash
FNDA:1,(anonymous_2)
FNDA:1,(anonymous_3)
FNDA:1,(anonymous_4)
FNDA:0,(anonymous_5)
FNDA:0,(anonymous_6)
FNDA:1,(anonymous_7)
FNDA:1,(anonymous_8)
FNDA:1,(anonymous_9)
FNDA:1,(anonymous_10)
FNDA:1,(anonymous_11)
FNDA:0,(anonymous_12)
FNDA:0,(anonymous_13)
DA:1,1
DA:2,1
DA:3,1
DA:6,1
DA:7,1
DA:25,1
DA:28,0
DA:29,0
DA:30,0
DA:35,1
DA:37,1
DA:39,1
DA:41,0
DA:42,0
DA:44,1
DA:46,0
DA:47,0
DA:51,1
DA:52,1
DA:59,1
DA:61,1
DA:63,0
DA:64,0
DA:65,0
DA:69,1
DA:70,1
DA:71,1
DA:72,1
DA:81,1
DA:83,0
DA:85,0
DA:87,0
DA:89,0
DA:93,0
DA:99,1
DA:101,1
DA:103,1
DA:105,0
DA:107,1
DA:109,1
DA:111,1
DA:113,0
DA:115,1
DA:117,1
DA:119,1
DA:120,1
DA:121,1
DA:126,0
DA:127,0
DA:128,0
DA:134,0
DA:135,0
DA:141,0
DA:142,0
DA:143,0
DA:144,0
DA:150,1
DA:152,1
DA:154,1
DA:156,0
DA:160,1
DA:162,1
DA:166,0
DA:173,1
DA:175,0
DA:176,0
DA:177,0
DA:178,0
DA:179,0
DA:180,0
DA:182,0
DA:184,0
DA:188,0
DA:193,1
LF:74
LH:37
BRDA:39,0,0,0
BRDA:39,0,1,1
BRDA:44,1,0,0
BRDA:44,1,1,1
BRDA:61,2,0,0
BRDA:61,2,1,1
BRDA:87,3,0,0
BRDA:87,3,1,0
BRDA:103,4,0,0
BRDA:103,4,1,1
BRDA:107,5,0,1
BRDA:107,5,1,0
BRDA:111,6,0,0
BRDA:111,6,1,1
BRDA:115,7,0,1
BRDA:115,7,1,0
BRDA:117,8,0,1
BRDA:117,8,1,0
BRDA:154,9,0,0
BRDA:154,9,1,1
BRDA:160,10,0,1
BRDA:160,10,1,0
BRDA:160,11,0,1
BRDA:160,11,1,1
BRDA:182,12,0,0
BRDA:182,12,1,0
BRF:26
BRH:12
end_of_record
TN:
SF:/home/user/FundooNotes/Server/models/notes.model.js
FN:35,notesModel
FN:42,(anonymous_1)
FN:53,(anonymous_2)
FN:68,(anonymous_3)
FN:69,(anonymous_4)
FN:84,(anonymous_5)
FN:85,(anonymous_6)
FN:100,(anonymous_7)
FN:104,(anonymous_8)
FN:120,(anonymous_9)
FN:122,(anonymous_10)
FN:138,(anonymous_11)
FN:140,(anonymous_12)
FN:155,(anonymous_13)
FN:157,(anonymous_14)
FN:172,(anonymous_15)
FN:174,(anonymous_16)
FN:189,(anonymous_17)
FN:190,(anonymous_18)
FN:204,(anonymous_19)
FN:205,(anonymous_20)
FNF:21
FNH:21
FNDA:1,notesModel
FNDA:1,(anonymous_1)
FNDA:1,(anonymous_2)
FNDA:1,(anonymous_3)
FNDA:1,(anonymous_4)
FNDA:1,(anonymous_5)
FNDA:1,(anonymous_6)
FNDA:1,(anonymous_7)
FNDA:1,(anonymous_8)
FNDA:1,(anonymous_9)
FNDA:1,(anonymous_10)
FNDA:1,(anonymous_11)
FNDA:1,(anonymous_12)
FNDA:1,(anonymous_13)
FNDA:1,(anonymous_14)
FNDA:1,(anonymous_15)
FNDA:1,(anonymous_16)
FNDA:1,(anonymous_17)
FNDA:1,(anonymous_18)
FNDA:1,(anonymous_19)
FNDA:1,(anonymous_20)
DA:1,1
DA:2,1
DA:3,1
DA:39,1
DA:42,1
DA:44,1
DA:53,1
DA:54,1
DA:56,0
DA:57,0
DA:61,1
DA:62,1
DA:68,1
DA:69,1
DA:70,1
DA:72,0
DA:73,0
DA:77,1
DA:78,1
DA:84,1
DA:85,1
DA:86,1
DA:88,0
DA:89,0
DA:93,1
DA:94,1
DA:100,1
DA:101,1
DA:106,1
DA:108,0
DA:109,0
DA:113,1
DA:114,1
DA:120,1
DA:122,1
DA:124,1
DA:126,0
DA:127,0
DA:131,1
DA:132,1
DA:138,1
DA:140,1
DA:141,1
DA:143,0
DA:144,0
DA:148,1
DA:149,1
DA:155,1
DA:157,1
DA:158,1
DA:160,0
DA:161,0
DA:165,1
DA:166,1
DA:172,1
DA:174,1
DA:175,1
DA:177,0
DA:178,0
DA:182,1
DA:183,1
DA:189,1
DA:190,1
DA:191,1
DA:193,0
DA:197,1
DA:198,1
DA:204,1
DA:205,1
DA:206,1
DA:208,0
DA:212,1
DA:213,1
DA:218,1
LF:74
LH:56
BRDA:54,0,0,0
BRDA:54,0,1,1
BRDA:70,1,0,0
BRDA:70,1,1,1
BRDA:86,2,0,0
BRDA:86,2,1,1
BRDA:106,3,0,0
BRDA:106,3,1,1
BRDA:124,4,0,0
BRDA:124,4,1,1
BRDA:141,5,0,0
BRDA:141,5,1,1
BRDA:158,6,0,0
BRDA:158,6,1,1
BRDA:175,7,0,0
BRDA:175,7,1,1
BRDA:191,8,0,0
BRDA:191,8,1,1
BRDA:206,9,0,0
BRDA:206,9,1,1
BRF:20
BRH:10
end_of_record
TN:
SF:/home/user/FundooNotes/Server/routes/app.routes.js
FNF:0
FNH:0
DA:1,1
DA:2,1
DA:3,1
DA:4,1
DA:6,1
DA:8,1
DA:10,1
DA:12,1
DA:14,1
DA:16,1
DA:19,1
LF:11
LH:11
BRF:0
BRH:0
end_of_record
TN:
SF:/home/user/FundooNotes/Server/routes/notes.routes.js
FNF:0
FNH:0
DA:1,1
DA:2,1
DA:3,1
DA:6,1
DA:9,1
DA:12,1
DA:15,1
DA:18,1
DA:21,1
DA:24,1
DA:27,1
DA:30,1
DA:33,1
DA:36,1
LF:14
LH:14
BRF:0
BRH:0
end_of_record
TN:
SF:/home/user/FundooNotes/Server/services/awsService.js
FN:22,(anonymous_0)
FN:25,(anonymous_1)
FNF:2
FNH:0
FNDA:0,(anonymous_0)
FNDA:0,(anonymous_1)
DA:1,1
DA:2,1
DA:3,1
DA:4,1
DA:5,1
DA:6,1
DA:8,1
DA:15,1
DA:18,1
DA:23,0
DA:26,0
DA:31,1
LF:12
LH:10
BRF:0
BRH:0
end_of_record
TN:
SF:/home/user/FundooNotes/Server/services/notes.services.js
FN:4,(anonymous_0)
FN:6,(anonymous_1)
FN:20,(anonymous_2)
FN:22,(anonymous_3)
FN:36,(anonymous_4)
FN:38,(anonymous_5)
FN:52,(anonymous_6)
FN:54,(anonymous_7)
FN:68,(anonymous_8)
FN:70,(anonymous_9)
FN:84,(anonymous_10)
FN:86,(anonymous_11)
FN:100,(anonymous_12)
FN:102,(anonymous_13)
FN:116,(anonymous_14)
FN:118,(anonymous_15)
FN:132,(anonymous_16)
FN:134,(anonymous_17)
FN:148,(anonymous_18)
FN:150,(anonymous_19)
FNF:20
FNH:20
FNDA:1,(anonymous_0)
FNDA:1,(anonymous_1)
FNDA:1,(anonymous_2)
FNDA:1,(anonymous_3)
FNDA:1,(anonymous_4)
FNDA:1,(anonymous_5)
FNDA:1,(anonymous_6)
FNDA:1,(anonymous_7)
FNDA:1,(anonymous_8)
FNDA:1,(anonymous_9)
FNDA:1,(anonymous_10)
FNDA:1,(anonymous_11)
FNDA:1,(anonymous_12)
FNDA:1,(anonymous_13)
FNDA:1,(anonymous_14)
FNDA:1,(anonymous_15)
FNDA:1,(anonymous_16)
FNDA:1,(anonymous_17)
FNDA:1,(anonymous_18)
FNDA:1,(anonymous_19)
DA:1,1
DA:4,1
DA:6,1
DA:8,1
DA:10,0
DA:14,1
DA:15,1
DA:20,1
DA:22,1
DA:24,1
DA:26,0
DA:30,1
DA:31,1
DA:36,1
DA:38,1
DA:40,1
DA:42,0
DA:46,1
DA:47,1
DA:52,1
DA:54,1
DA:56,1
DA:58,0
DA:62,1
DA:63,1
DA:68,1
DA:70,1
DA:72,1
DA:74,0
DA:78,1
DA:79,1
DA:84,1
DA:86,1
DA:88,1
DA:90,0
DA:94,1
DA:95,1
DA:100,1
DA:102,1
DA:104,1
DA:106,0
DA:110,1
DA:111,1
DA:116,1
DA:118,1
DA:120,1
DA:122,0
DA:126,1
DA:127,1
DA:132,1
DA:134,1
DA:136,1
DA:138,0
DA:142,1
DA:143,1
DA:148,1
DA:150,1
DA:152,1
DA:154,0
DA:158,1
DA:159,1
LF:61
LH:51
BRDA:8,0,0,0
BRDA:8,0,1,1
BRDA:24,1,0,0
BRDA:24,1,1,1
BRDA:40,2,0,0
BRDA:40,2,1,1
BRDA:56,3,0,0
BRDA:56,3,1,1
BRDA:72,4,0,0
BRDA:72,4,1,1
BRDA:88,5,0,0
BRDA:88,5,1,1
BRDA:104,6,0,0
BRDA:104,6,1,1
BRDA:120,7,0,0
BRDA:120,7,1,1
BRDA:136,8,0,0
BRDA:136,8,1,1
BRDA:152,9,0,0
BRDA:152,9,1,1
BRF:20
BRH:10
end_of_record
TN:
SF:/home/user/FundooNotes/Server/services/services.js
FN:4,(anonymous_0)
FN:6,(anonymous_1)
FN:21,(anonymous_2)
FN:23,(anonymous_3)
FN:38,(anonymous_4)
FN:40,(anonymous_5)
FN:55,(anonymous_6)
FN:57,(anonymous_7)
FN:72,(anonymous_8)
FN:75,(anonymous_9)
FNF:10
FNH:6
FNDA:1,(anonymous_0)
FNDA:1,(anonymous_1)
FNDA:0,(anonymous_2)
FNDA:0,(anonymous_3)
FNDA:1,(anonymous_4)
FNDA:1,(anonymous_5)
FNDA:1,(anonymous_6)
FNDA:1,(anonymous_7)
FNDA:0,(anonymous_8)
FNDA:0,(anonymous_9)
DA:1,1
DA:4,1
DA:6,1
DA:8,1
DA:10,0
DA:14,1
DA:15,1
DA:21,1
DA:23,0
DA:25,0
DA:27,0
DA:31,0
DA:32,0
DA:38,1
DA:40,1
DA:42,1
DA:44,0
DA:48,1
DA:49,1
DA:55,1
DA:57,1
DA:58,1
DA:60,0
DA:64,1
DA:65,1
DA:72,1
DA:74,0
DA:75,0
DA:77,0
DA:79,0
DA:83,0
DA:84,0
LF:32
LH:18
BRDA:8,0,0,0
BRDA:8,0,1,1
BRDA:25,1,0,0
BRDA:25,1,1,0
BRDA:42,2,0,0
BRDA:42,2,1,1
BRDA:58,3,0,0
BRDA:58,3,1,1
BRDA:77,4,0,0
BRDA:77,4,1,0
BRF:10
BRH:3
end_of_record
